<?xml version="1.0" encoding="UTF-8"?>
<!-- Generated by org.testng.reporters.JUnitReportReporter -->
<testsuite skipped="0" hostname="DESKTOP-7L09EG2" name="restAssured.PostExample" tests="1" failures="0" timestamp="2019-12-22T17:40:32 CST" time="1.258" errors="0">
  <testcase name="test" time="1.258" classname="restAssured.PostExample"/>
</testsuite> <!-- restAssured.PostExample -->
