<?xml version="1.0" encoding="UTF-8"?>
<!-- Generated by org.testng.reporters.JUnitReportReporter -->
<testsuite skipped="0" hostname="DESKTOP-7L09EG2" name="restAssured.Test_01_New" tests="1" failures="0" timestamp="2019-12-16T19:57:37 CST" time="2.795" errors="0">
  <testcase name="gettheweatherDetails" time="2.795" classname="restAssured.Test_01_New"/>
</testsuite> <!-- restAssured.Test_01_New -->
